<?xml version="1.0" encoding="UTF-8"?>
<!-- Generated by org.testng.reporters.JUnitReportReporter -->
<testsuite hostname="DESKTOP-VQ679GT" failures="0" tests="1" name="fnpdatavalidation.com.fnp.TestAutomation" time="8.065" errors="0" timestamp="2024-04-12T10:05:19 IST" skipped="0">
  <testcase classname="fnpdatavalidation.com.fnp.TestAutomation" name="addToCarttest" time="8.065"/>
</testsuite> <!-- fnpdatavalidation.com.fnp.TestAutomation -->
