<?xml version="1.0" encoding="UTF-8"?>
<!-- Generated by org.testng.reporters.JUnitXMLReporter -->
<testsuite ignored="0" hostname="DESKTOP-VQ679GT" failures="0" tests="1" name="Test-2" time="0.013" errors="0" timestamp="2024-03-27T15:30:56 IST">
  <testcase classname="com.orangehrm.crossbrowsertest.CrossBrowserLoginAutomateTest" name="crossBrowsertest" time="0.0">
    <skipped/>
  </testcase> <!-- crossBrowsertest -->
</testsuite> <!-- Test-2 -->
