<?xml version="1.0" encoding="UTF-8"?>
<!-- Generated by org.testng.reporters.JUnitReportReporter -->
<testsuite hostname="DESKTOP-VQ679GT" failures="0" tests="1" name="dibrunobrosdatavalidation.TestAutomation.TestRunner" time="47.486" errors="0" timestamp="2024-04-18T10:35:10 IST" skipped="0">
  <testcase classname="dibrunobrosdatavalidation.TestAutomation.TestRunner" name="addToCarttest" time="47.486"/>
</testsuite> <!-- dibrunobrosdatavalidation.TestAutomation.TestRunner -->
